{"/Users/nana/Desktop/repos personales/proyectos react typescript/rest_api_node_ts_server/src/router.ts": {"path":"/Users/nana/Desktop/repos personales/proyectos react typescript/rest_api_node_ts_server/src/router.ts","statementMap":{"0":{"start":{"line":1,"column":0},"end":{"line":1,"column":33}},"1":{"start":{"line":2,"column":0},"end":{"line":2,"column":48}},"2":{"start":{"line":3,"column":0},"end":{"line":3,"column":null}},"3":{"start":{"line":11,"column":0},"end":{"line":11,"column":50}},"4":{"start":{"line":12,"column":15},"end":{"line":12,"column":23}},"5":{"start":{"line":17,"column":0},"end":{"line":19,"column":3}},"6":{"start":{"line":18,"column":2},"end":{"line":18,"column":24}},"7":{"start":{"line":22,"column":0},"end":{"line":35,"column":2}},"8":{"start":{"line":27,"column":23},"end":{"line":27,"column":32}},"9":{"start":{"line":33,"column":4},"end":{"line":33,"column":29}},"10":{"start":{"line":38,"column":0},"end":{"line":52,"column":2}},"11":{"start":{"line":44,"column":23},"end":{"line":44,"column":32}},"12":{"start":{"line":50,"column":4},"end":{"line":50,"column":28}},"13":{"start":{"line":56,"column":0},"end":{"line":78,"column":2}},"14":{"start":{"line":61,"column":23},"end":{"line":61,"column":32}},"15":{"start":{"line":67,"column":23},"end":{"line":67,"column":32}},"16":{"start":{"line":76,"column":4},"end":{"line":76,"column":28}},"17":{"start":{"line":82,"column":0},"end":{"line":93,"column":2}},"18":{"start":{"line":87,"column":23},"end":{"line":87,"column":32}},"19":{"start":{"line":91,"column":4},"end":{"line":91,"column":33}},"20":{"start":{"line":95,"column":0},"end":{"line":106,"column":2}},"21":{"start":{"line":100,"column":23},"end":{"line":100,"column":32}},"22":{"start":{"line":104,"column":4},"end":{"line":104,"column":28}},"23":{"start":{"line":108,"column":0},"end":{"line":108,"column":22}}},"fnMap":{"0":{"name":"(anonymous_0)","decl":{"start":{"line":17,"column":16},"end":{"line":17,"column":17}},"loc":{"start":{"line":17,"column":29},"end":{"line":19,"column":1}}},"1":{"name":"(anonymous_1)","decl":{"start":{"line":27,"column":12},"end":{"line":27,"column":13}},"loc":{"start":{"line":27,"column":23},"end":{"line":27,"column":32}}},"2":{"name":"(anonymous_2)","decl":{"start":{"line":32,"column":2},"end":{"line":32,"column":3}},"loc":{"start":{"line":32,"column":15},"end":{"line":34,"column":3}}},"3":{"name":"(anonymous_3)","decl":{"start":{"line":44,"column":12},"end":{"line":44,"column":13}},"loc":{"start":{"line":44,"column":23},"end":{"line":44,"column":32}}},"4":{"name":"(anonymous_4)","decl":{"start":{"line":49,"column":2},"end":{"line":49,"column":3}},"loc":{"start":{"line":49,"column":15},"end":{"line":51,"column":3}}},"5":{"name":"(anonymous_5)","decl":{"start":{"line":61,"column":12},"end":{"line":61,"column":13}},"loc":{"start":{"line":61,"column":23},"end":{"line":61,"column":32}}},"6":{"name":"(anonymous_6)","decl":{"start":{"line":67,"column":12},"end":{"line":67,"column":13}},"loc":{"start":{"line":67,"column":23},"end":{"line":67,"column":32}}},"7":{"name":"(anonymous_7)","decl":{"start":{"line":75,"column":2},"end":{"line":75,"column":3}},"loc":{"start":{"line":75,"column":15},"end":{"line":77,"column":3}}},"8":{"name":"(anonymous_8)","decl":{"start":{"line":87,"column":12},"end":{"line":87,"column":13}},"loc":{"start":{"line":87,"column":23},"end":{"line":87,"column":32}}},"9":{"name":"(anonymous_9)","decl":{"start":{"line":90,"column":2},"end":{"line":90,"column":3}},"loc":{"start":{"line":90,"column":15},"end":{"line":92,"column":3}}},"10":{"name":"(anonymous_10)","decl":{"start":{"line":100,"column":12},"end":{"line":100,"column":13}},"loc":{"start":{"line":100,"column":23},"end":{"line":100,"column":32}}},"11":{"name":"(anonymous_11)","decl":{"start":{"line":103,"column":2},"end":{"line":103,"column":3}},"loc":{"start":{"line":103,"column":15},"end":{"line":105,"column":3}}}},"branchMap":{},"s":{"0":2,"1":2,"2":2,"3":2,"4":2,"5":2,"6":2,"7":2,"8":3,"9":2,"10":2,"11":4,"12":1,"13":2,"14":4,"15":4,"16":2,"17":2,"18":3,"19":2,"20":2,"21":3,"22":2,"23":2},"f":{"0":2,"1":3,"2":2,"3":4,"4":1,"5":4,"6":4,"7":2,"8":3,"9":2,"10":3,"11":2},"b":{}}
,"/Users/nana/Desktop/repos personales/proyectos react typescript/rest_api_node_ts_server/src/server.ts": {"path":"/Users/nana/Desktop/repos personales/proyectos react typescript/rest_api_node_ts_server/src/server.ts","statementMap":{"0":{"start":{"line":8,"column":0},"end":{"line":8,"column":7}},"1":{"start":{"line":1,"column":0},"end":{"line":1,"column":30}},"2":{"start":{"line":2,"column":0},"end":{"line":2,"column":28}},"3":{"start":{"line":3,"column":0},"end":{"line":3,"column":30}},"4":{"start":{"line":4,"column":0},"end":{"line":4,"column":29}},"5":{"start":{"line":9,"column":2},"end":{"line":18,"column":3}},"6":{"start":{"line":10,"column":4},"end":{"line":10,"column":28}},"7":{"start":{"line":11,"column":4},"end":{"line":11,"column":14}},"8":{"start":{"line":17,"column":4},"end":{"line":17,"column":74}},"9":{"start":{"line":21,"column":0},"end":{"line":21,"column":12}},"10":{"start":{"line":24,"column":15},"end":{"line":24,"column":24}},"11":{"start":{"line":27,"column":0},"end":{"line":27,"column":27}},"12":{"start":{"line":29,"column":0},"end":{"line":29,"column":36}},"13":{"start":{"line":32,"column":0},"end":{"line":34,"column":3}},"14":{"start":{"line":33,"column":2},"end":{"line":33,"column":46}},"15":{"start":{"line":36,"column":0},"end":{"line":36,"column":22}}},"fnMap":{"0":{"name":"connectDB","decl":{"start":{"line":8,"column":22},"end":{"line":8,"column":31}},"loc":{"start":{"line":8,"column":31},"end":{"line":19,"column":1}}},"1":{"name":"(anonymous_2)","decl":{"start":{"line":32,"column":19},"end":{"line":32,"column":20}},"loc":{"start":{"line":32,"column":32},"end":{"line":34,"column":1}}}},"branchMap":{},"s":{"0":2,"1":2,"2":2,"3":2,"4":2,"5":3,"6":3,"7":1,"8":1,"9":2,"10":2,"11":2,"12":2,"13":2,"14":1,"15":2},"f":{"0":3,"1":1},"b":{}}
,"/Users/nana/Desktop/repos personales/proyectos react typescript/rest_api_node_ts_server/src/config/db.ts": {"path":"/Users/nana/Desktop/repos personales/proyectos react typescript/rest_api_node_ts_server/src/config/db.ts","statementMap":{"0":{"start":{"line":1,"column":0},"end":{"line":1,"column":49}},"1":{"start":{"line":2,"column":0},"end":{"line":2,"column":28}},"2":{"start":{"line":4,"column":0},"end":{"line":4,"column":16}},"3":{"start":{"line":6,"column":11},"end":{"line":10,"column":2}},"4":{"start":{"line":12,"column":0},"end":{"line":12,"column":18}}},"fnMap":{},"branchMap":{},"s":{"0":2,"1":2,"2":2,"3":2,"4":2},"f":{},"b":{}}
,"/Users/nana/Desktop/repos personales/proyectos react typescript/rest_api_node_ts_server/src/handlers/product.ts": {"path":"/Users/nana/Desktop/repos personales/proyectos react typescript/rest_api_node_ts_server/src/handlers/product.ts","statementMap":{"0":{"start":{"line":2,"column":0},"end":{"line":2,"column":46}},"1":{"start":{"line":6,"column":27},"end":{"line":15,"column":1}},"2":{"start":{"line":11,"column":19},"end":{"line":13,"column":4}},"3":{"start":{"line":14,"column":2},"end":{"line":14,"column":38}},"4":{"start":{"line":6,"column":13},"end":{"line":6,"column":27}},"5":{"start":{"line":18,"column":30},"end":{"line":32,"column":1}},"6":{"start":{"line":22,"column":17},"end":{"line":22,"column":27}},"7":{"start":{"line":23,"column":18},"end":{"line":26,"column":4}},"8":{"start":{"line":28,"column":2},"end":{"line":30,"column":3}},"9":{"start":{"line":29,"column":4},"end":{"line":29,"column":64}},"10":{"start":{"line":31,"column":2},"end":{"line":31,"column":37}},"11":{"start":{"line":18,"column":13},"end":{"line":18,"column":30}},"12":{"start":{"line":35,"column":29},"end":{"line":42,"column":1}},"13":{"start":{"line":40,"column":18},"end":{"line":40,"column":48}},"14":{"start":{"line":41,"column":2},"end":{"line":41,"column":49}},"15":{"start":{"line":35,"column":13},"end":{"line":35,"column":29}},"16":{"start":{"line":45,"column":29},"end":{"line":64,"column":1}},"17":{"start":{"line":49,"column":17},"end":{"line":49,"column":27}},"18":{"start":{"line":51,"column":18},"end":{"line":54,"column":4}},"19":{"start":{"line":56,"column":2},"end":{"line":58,"column":3}},"20":{"start":{"line":57,"column":4},"end":{"line":57,"column":64}},"21":{"start":{"line":61,"column":2},"end":{"line":61,"column":33}},"22":{"start":{"line":62,"column":2},"end":{"line":62,"column":23}},"23":{"start":{"line":63,"column":2},"end":{"line":63,"column":37}},"24":{"start":{"line":45,"column":13},"end":{"line":45,"column":29}},"25":{"start":{"line":67,"column":34},"end":{"line":85,"column":1}},"26":{"start":{"line":71,"column":17},"end":{"line":71,"column":27}},"27":{"start":{"line":72,"column":18},"end":{"line":75,"column":4}},"28":{"start":{"line":77,"column":2},"end":{"line":79,"column":3}},"29":{"start":{"line":78,"column":4},"end":{"line":78,"column":64}},"30":{"start":{"line":82,"column":2},"end":{"line":82,"column":58}},"31":{"start":{"line":83,"column":2},"end":{"line":83,"column":23}},"32":{"start":{"line":84,"column":2},"end":{"line":84,"column":37}},"33":{"start":{"line":67,"column":13},"end":{"line":67,"column":34}},"34":{"start":{"line":89,"column":29},"end":{"line":105,"column":1}},"35":{"start":{"line":93,"column":17},"end":{"line":93,"column":27}},"36":{"start":{"line":94,"column":18},"end":{"line":97,"column":4}},"37":{"start":{"line":99,"column":2},"end":{"line":101,"column":3}},"38":{"start":{"line":100,"column":4},"end":{"line":100,"column":64}},"39":{"start":{"line":103,"column":2},"end":{"line":103,"column":26}},"40":{"start":{"line":104,"column":2},"end":{"line":104,"column":47}},"41":{"start":{"line":89,"column":13},"end":{"line":89,"column":29}}},"fnMap":{"0":{"name":"(anonymous_1)","decl":{"start":{"line":6,"column":27},"end":{"line":6,"column":32}},"loc":{"start":{"line":9,"column":23},"end":{"line":15,"column":1}}},"1":{"name":"(anonymous_2)","decl":{"start":{"line":18,"column":30},"end":{"line":18,"column":35}},"loc":{"start":{"line":21,"column":23},"end":{"line":32,"column":1}}},"2":{"name":"(anonymous_3)","decl":{"start":{"line":35,"column":29},"end":{"line":35,"column":34}},"loc":{"start":{"line":38,"column":23},"end":{"line":42,"column":1}}},"3":{"name":"(anonymous_4)","decl":{"start":{"line":45,"column":29},"end":{"line":45,"column":34}},"loc":{"start":{"line":48,"column":23},"end":{"line":64,"column":1}}},"4":{"name":"(anonymous_5)","decl":{"start":{"line":67,"column":34},"end":{"line":67,"column":39}},"loc":{"start":{"line":70,"column":23},"end":{"line":85,"column":1}}},"5":{"name":"(anonymous_6)","decl":{"start":{"line":89,"column":29},"end":{"line":89,"column":34}},"loc":{"start":{"line":92,"column":23},"end":{"line":105,"column":1}}}},"branchMap":{"0":{"loc":{"start":{"line":28,"column":2},"end":{"line":30,"column":3}},"type":"if","locations":[{"start":{"line":28,"column":2},"end":{"line":30,"column":3}}]},"1":{"loc":{"start":{"line":56,"column":2},"end":{"line":58,"column":3}},"type":"if","locations":[{"start":{"line":56,"column":2},"end":{"line":58,"column":3}}]},"2":{"loc":{"start":{"line":77,"column":2},"end":{"line":79,"column":3}},"type":"if","locations":[{"start":{"line":77,"column":2},"end":{"line":79,"column":3}}]},"3":{"loc":{"start":{"line":99,"column":2},"end":{"line":101,"column":3}},"type":"if","locations":[{"start":{"line":99,"column":2},"end":{"line":101,"column":3}}]}},"s":{"0":2,"1":2,"2":2,"3":2,"4":2,"5":2,"6":2,"7":2,"8":2,"9":1,"10":1,"11":2,"12":2,"13":1,"14":1,"15":2,"16":2,"17":2,"18":2,"19":2,"20":1,"21":1,"22":1,"23":1,"24":2,"25":2,"26":2,"27":2,"28":2,"29":1,"30":1,"31":1,"32":1,"33":2,"34":2,"35":2,"36":2,"37":2,"38":1,"39":1,"40":1,"41":2},"f":{"0":2,"1":2,"2":1,"3":2,"4":2,"5":2},"b":{"0":[1],"1":[1],"2":[1],"3":[1]}}
,"/Users/nana/Desktop/repos personales/proyectos react typescript/rest_api_node_ts_server/src/middlewares/index.ts": {"path":"/Users/nana/Desktop/repos personales/proyectos react typescript/rest_api_node_ts_server/src/middlewares/index.ts","statementMap":{"0":{"start":{"line":1,"column":0},"end":{"line":1,"column":53}},"1":{"start":{"line":2,"column":0},"end":{"line":2,"column":28}},"2":{"start":{"line":9,"column":33},"end":{"line":26,"column":1}},"3":{"start":{"line":14,"column":2},"end":{"line":14,"column":45}},"4":{"start":{"line":15,"column":2},"end":{"line":15,"column":70}},"5":{"start":{"line":16,"column":15},"end":{"line":16,"column":36}},"6":{"start":{"line":18,"column":2},"end":{"line":24,"column":3}},"7":{"start":{"line":19,"column":4},"end":{"line":21,"column":6}},"8":{"start":{"line":22,"column":4},"end":{"line":22,"column":53}},"9":{"start":{"line":23,"column":4},"end":{"line":23,"column":11}},"10":{"start":{"line":25,"column":2},"end":{"line":25,"column":9}},"11":{"start":{"line":9,"column":13},"end":{"line":9,"column":33}}},"fnMap":{"0":{"name":"(anonymous_1)","decl":{"start":{"line":9,"column":33},"end":{"line":9,"column":null}},"loc":{"start":{"line":13,"column":10},"end":{"line":26,"column":1}}}},"branchMap":{"0":{"loc":{"start":{"line":18,"column":2},"end":{"line":24,"column":3}},"type":"if","locations":[{"start":{"line":18,"column":2},"end":{"line":24,"column":3}}]}},"s":{"0":2,"1":2,"2":2,"3":17,"4":17,"5":17,"6":17,"7":8,"8":8,"9":8,"10":9,"11":2},"f":{"0":17},"b":{"0":[8]}}
,"/Users/nana/Desktop/repos personales/proyectos react typescript/rest_api_node_ts_server/src/models/Product.model.ts": {"path":"/Users/nana/Desktop/repos personales/proyectos react typescript/rest_api_node_ts_server/src/models/Product.model.ts","statementMap":{"0":{"start":{"line":1,"column":0},"end":{"line":1,"column":79}},"1":{"start":{"line":8,"column":0},"end":{"line":31,"column":null}},"2":{"start":{"line":13,"column":10},"end":{"line":13,"column":null}},"3":{"start":{"line":19,"column":10},"end":{"line":19,"column":null}},"4":{"start":{"line":24,"column":10},"end":{"line":24,"column":null}},"5":{"start":{"line":30,"column":10},"end":{"line":30,"column":null}},"6":{"start":{"line":8,"column":6},"end":{"line":31,"column":null}},"7":{"start":{"line":33,"column":0},"end":{"line":33,"column":23}}},"fnMap":{},"branchMap":{},"s":{"0":2,"1":2,"2":2,"3":2,"4":2,"5":2,"6":2,"7":2},"f":{},"b":{}}
}
