TN:
SF:src/router.ts
FN:17,(anonymous_0)
FN:27,(anonymous_1)
FN:32,(anonymous_2)
FN:44,(anonymous_3)
FN:49,(anonymous_4)
FN:61,(anonymous_5)
FN:67,(anonymous_6)
FN:75,(anonymous_7)
FN:87,(anonymous_8)
FN:90,(anonymous_9)
FN:100,(anonymous_10)
FN:103,(anonymous_11)
FNF:12
FNH:12
FNDA:2,(anonymous_0)
FNDA:3,(anonymous_1)
FNDA:2,(anonymous_2)
FNDA:4,(anonymous_3)
FNDA:1,(anonymous_4)
FNDA:4,(anonymous_5)
FNDA:4,(anonymous_6)
FNDA:2,(anonymous_7)
FNDA:3,(anonymous_8)
FNDA:2,(anonymous_9)
FNDA:3,(anonymous_10)
FNDA:2,(anonymous_11)
DA:1,2
DA:2,2
DA:3,2
DA:11,2
DA:12,2
DA:17,2
DA:18,2
DA:22,2
DA:27,3
DA:33,2
DA:38,2
DA:44,4
DA:50,1
DA:56,2
DA:61,4
DA:67,4
DA:76,2
DA:82,2
DA:87,3
DA:91,2
DA:95,2
DA:100,3
DA:104,2
DA:108,2
LF:24
LH:24
BRF:0
BRH:0
end_of_record
TN:
SF:src/server.ts
FN:8,connectDB
FN:32,(anonymous_2)
FNF:2
FNH:2
FNDA:3,connectDB
FNDA:1,(anonymous_2)
DA:1,2
DA:2,2
DA:3,2
DA:4,2
DA:8,2
DA:9,3
DA:10,3
DA:11,1
DA:17,1
DA:21,2
DA:24,2
DA:27,2
DA:29,2
DA:32,2
DA:33,1
DA:36,2
LF:16
LH:16
BRF:0
BRH:0
end_of_record
TN:
SF:src/config/db.ts
FNF:0
FNH:0
DA:1,2
DA:2,2
DA:4,2
DA:6,2
DA:12,2
LF:5
LH:5
BRF:0
BRH:0
end_of_record
TN:
SF:src/handlers/product.ts
FN:6,(anonymous_1)
FN:18,(anonymous_2)
FN:35,(anonymous_3)
FN:45,(anonymous_4)
FN:67,(anonymous_5)
FN:89,(anonymous_6)
FNF:6
FNH:6
FNDA:2,(anonymous_1)
FNDA:2,(anonymous_2)
FNDA:1,(anonymous_3)
FNDA:2,(anonymous_4)
FNDA:2,(anonymous_5)
FNDA:2,(anonymous_6)
DA:2,2
DA:6,2
DA:11,2
DA:14,2
DA:18,2
DA:22,2
DA:23,2
DA:28,2
DA:29,1
DA:31,1
DA:35,2
DA:40,1
DA:41,1
DA:45,2
DA:49,2
DA:51,2
DA:56,2
DA:57,1
DA:61,1
DA:62,1
DA:63,1
DA:67,2
DA:71,2
DA:72,2
DA:77,2
DA:78,1
DA:82,1
DA:83,1
DA:84,1
DA:89,2
DA:93,2
DA:94,2
DA:99,2
DA:100,1
DA:103,1
DA:104,1
LF:36
LH:36
BRDA:28,0,0,1
BRDA:56,1,0,1
BRDA:77,2,0,1
BRDA:99,3,0,1
BRF:4
BRH:4
end_of_record
TN:
SF:src/middlewares/index.ts
FN:9,(anonymous_1)
FNF:1
FNH:1
FNDA:17,(anonymous_1)
DA:1,2
DA:2,2
DA:9,2
DA:14,17
DA:15,17
DA:16,17
DA:18,17
DA:19,8
DA:22,8
DA:23,8
DA:25,9
LF:11
LH:11
BRDA:18,0,0,8
BRF:1
BRH:1
end_of_record
TN:
SF:src/models/Product.model.ts
FNF:0
FNH:0
DA:1,2
DA:8,2
DA:13,2
DA:19,2
DA:24,2
DA:30,2
DA:33,2
LF:7
LH:7
BRF:0
BRH:0
end_of_record
